2025-09-25 01:31:11,672 - INFO - Creating Vendor Summary Table.....
2025-09-25 01:31:16,011 - INFO -    VendorNumber                   VendorName  Brand              Description  \
0          1128  BROWN-FORMAN CORP             1233  Jack Daniels No 7 Black   
1          4425        MARTIGNETTI COMPANIES   3405    Tito's Handmade Vodka   
2         17035  PERNOD RICARD USA             8068         Absolut 80 Proof   
3          3960  DIAGEO NORTH AMERICA INC      4261   Capt Morgan Spiced Rum   
4          3960  DIAGEO NORTH AMERICA INC      3545          Ketel One Vodka   

   PurchasePrice  actualprice Volume  totalpurchasequantity  \
0          26.27        36.99   1750               145080.0   
1          23.19        28.99   1750               164038.0   
2          18.24        24.99   1750               187407.0   
3          16.17        22.99   1750               201682.0   
4          21.89        29.99   1750               138109.0   

   totalpurchasedollars  totalsalesquantity  totalsalesdollars  \
0            3811251.60            142049.0         5101919.51   
1            3804041.22            160247.0         4819073.49   
2            3418303.68            187140.0         4538120.60   
3            3261197.94            200412.0         4475972.88   
4            3023206.01            135838.0         4223107.62   

   totalsalesprice  totalexcisetax  freightcost  
0         142049.0       260999.20     68601.68  
1         160247.0       294438.66    144929.24  
2         187140.0       343854.07    123780.22  
3         200412.0       368242.80    257032.07  
4         135838.0       249587.83    257032.07  
2025-09-25 01:31:16,016 - INFO - Cleaning Data.....
2025-09-25 01:31:16,031 - INFO -    VendorNumber                VendorName  Brand              Description  \
0          1128         BROWN-FORMAN CORP   1233  Jack Daniels No 7 Black   
1          4425     MARTIGNETTI COMPANIES   3405    Tito's Handmade Vodka   
2         17035         PERNOD RICARD USA   8068         Absolut 80 Proof   
3          3960  DIAGEO NORTH AMERICA INC   4261   Capt Morgan Spiced Rum   
4          3960  DIAGEO NORTH AMERICA INC   3545          Ketel One Vodka   

   PurchasePrice  actualprice  Volume  totalpurchasequantity  \
0          26.27        36.99  1750.0               145080.0   
1          23.19        28.99  1750.0               164038.0   
2          18.24        24.99  1750.0               187407.0   
3          16.17        22.99  1750.0               201682.0   
4          21.89        29.99  1750.0               138109.0   

   totalpurchasedollars  totalsalesquantity  totalsalesdollars  \
0            3811251.60            142049.0         5101919.51   
1            3804041.22            160247.0         4819073.49   
2            3418303.68            187140.0         4538120.60   
3            3261197.94            200412.0         4475972.88   
4            3023206.01            135838.0         4223107.62   

   totalsalesprice  totalexcisetax  freightcost  GrossProfit  ProfitMargin  \
0         142049.0       260999.20     68601.68   1290667.91     25.297693   
1         160247.0       294438.66    144929.24   1015032.27     21.062810   
2         187140.0       343854.07    123780.22   1119816.92     24.675786   
3         200412.0       368242.80    257032.07   1214774.94     27.139908   
4         135838.0       249587.83    257032.07   1199901.61     28.412764   

   StockTurnover  SalesToPurchaseRatio  
0       0.979108              1.338647  
1       0.976890              1.266830  
2       0.998575              1.327594  
3       0.993703              1.372493  
4       0.983556              1.396897  
2025-09-25 01:31:16,038 - INFO - Ingesting Data.....
2025-09-25 01:32:10,946 - INFO - Complete
